<?xml version="1.0" encoding="UTF-8"?>
<!-- Generated by org.testng.reporters.JUnitReportReporter -->
<testsuite hostname="Pavan" failures="0" tests="4" name="com.guru99.demo.testcases.LoginSection" time="41.609" errors="0" timestamp="2023-12-23T19:57:25 IST" skipped="0">
  <testcase classname="com.guru99.demo.testcases.LoginSection" name="login" time="9.734"/>
  <testcase classname="com.guru99.demo.testcases.LoginSection" name="login" time="10.631"/>
  <testcase classname="com.guru99.demo.testcases.LoginSection" name="login" time="10.394"/>
  <testcase classname="com.guru99.demo.testcases.LoginSection" name="login" time="10.850"/>
</testsuite> <!-- com.guru99.demo.testcases.LoginSection -->
